*** Starting uWSGI 2.0.15-debian (64bit) on [Fri Nov 29 13:27:59 2019] ***
compiled with version: 7.3.0 on 28 September 2018 15:41:15
os: Linux-4.15.0-69-generic #78-Ubuntu SMP Wed Nov 6 11:30:24 UTC 2019
nodename: ebanking-reg
machine: x86_64
clock source: unix
pcre jit disabled
detected number of CPU cores: 4
current working directory: /home/ebanking/Eregistration-master
writing pidfile to /tmp/project-master.pid
detected binary path: /usr/bin/uwsgi-core
dropping root privileges as early as possible
chdir() to /home/ebanking/Eregistration-master
your processes number limit is 47790
your memory page size is 4096 bytes
detected max file descriptor number: 1024
lock engine: pthread robust mutexes
thunder lock: disabled (you can enable it with --thunder-lock)
dropping root privileges after socket binding
dropping root privileges after plugin initialization
The -s/--socket option is missing and stdin is not a socket.
VACUUM: pidfile removed.
*** Starting uWSGI 2.0.15-debian (64bit) on [Fri Nov 29 13:32:15 2019] ***
compiled with version: 7.3.0 on 28 September 2018 15:41:15
os: Linux-4.15.0-69-generic #78-Ubuntu SMP Wed Nov 6 11:30:24 UTC 2019
nodename: ebanking-reg
machine: x86_64
clock source: unix
pcre jit disabled
detected number of CPU cores: 4
current working directory: /home/ebanking/Eregistration-master
writing pidfile to /tmp/project-master.pid
detected binary path: /usr/bin/uwsgi-core
dropping root privileges as early as possible
chdir() to /home/ebanking/Eregistration-master
your processes number limit is 47790
your memory page size is 4096 bytes
detected max file descriptor number: 1024
lock engine: pthread robust mutexes
thunder lock: disabled (you can enable it with --thunder-lock)
dropping root privileges after socket binding
dropping root privileges after plugin initialization
The -s/--socket option is missing and stdin is not a socket.
VACUUM: pidfile removed.
*** Starting uWSGI 2.0.15-debian (64bit) on [Fri Nov 29 13:35:54 2019] ***
compiled with version: 7.3.0 on 28 September 2018 15:41:15
os: Linux-4.15.0-69-generic #78-Ubuntu SMP Wed Nov 6 11:30:24 UTC 2019
nodename: ebanking-reg
machine: x86_64
clock source: unix
pcre jit disabled
detected number of CPU cores: 4
current working directory: /home/ebanking/Eregistration-master
writing pidfile to /tmp/project-master.pid
detected binary path: /usr/bin/uwsgi-core
dropping root privileges as early as possible
chdir() to /home/ebanking/Eregistration-master
your processes number limit is 47790
your memory page size is 4096 bytes
detected max file descriptor number: 1024
lock engine: pthread robust mutexes
thunder lock: disabled (you can enable it with --thunder-lock)
dropping root privileges after socket binding
dropping root privileges after plugin initialization
The -s/--socket option is missing and stdin is not a socket.
VACUUM: pidfile removed.
*** Starting uWSGI 2.0.15-debian (64bit) on [Fri Nov 29 13:38:50 2019] ***
compiled with version: 7.3.0 on 28 September 2018 15:41:15
os: Linux-4.15.0-69-generic #78-Ubuntu SMP Wed Nov 6 11:30:24 UTC 2019
nodename: ebanking-reg
machine: x86_64
clock source: unix
pcre jit disabled
detected number of CPU cores: 4
current working directory: /home/ebanking/Eregistration-master
writing pidfile to /tmp/project-master.pid
detected binary path: /usr/bin/uwsgi-core
dropping root privileges as early as possible
chdir() to /home/ebanking/Eregistration-master
your processes number limit is 47790
your memory page size is 4096 bytes
detected max file descriptor number: 1024
lock engine: pthread robust mutexes
thunder lock: disabled (you can enable it with --thunder-lock)
uwsgi socket 0 bound to TCP address 0.0.0.0:8000 fd 3
dropping root privileges after socket binding
dropping root privileges after plugin initialization
your server socket listen backlog is limited to 100 connections
your mercy for graceful operations on workers is 60 seconds
mapped 145536 bytes (142 KB) for 1 cores
*** Operational MODE: single process ***
*** no app loaded. going in full dynamic mode ***
dropping root privileges after application loading
*** uWSGI is running in multiple interpreter mode ***
!!!!!!!!!!!!!! WARNING !!!!!!!!!!!!!!
no request plugin is loaded, you will not be able to manage requests.
you may need to install the package for your language of choice, or simply load it with --plugin.
!!!!!!!!!!! END OF WARNING !!!!!!!!!!
spawned uWSGI master process (pid: 15804)
spawned uWSGI worker 1 (pid: 15805, cores: 1)
invalid request block size: 21573 (max 4096)...skip
invalid request block size: 21573 (max 4096)...skip
invalid request block size: 21573 (max 4096)...skip
SIGINT/SIGQUIT received...killing workers...
worker 1 buried after 0 seconds
goodbye to uWSGI.
VACUUM: pidfile removed.
*** Starting uWSGI 2.0.15-debian (64bit) on [Fri Nov 29 13:39:39 2019] ***
compiled with version: 7.3.0 on 28 September 2018 15:41:15
os: Linux-4.15.0-69-generic #78-Ubuntu SMP Wed Nov 6 11:30:24 UTC 2019
nodename: ebanking-reg
machine: x86_64
clock source: unix
pcre jit disabled
detected number of CPU cores: 4
current working directory: /home/ebanking/Eregistration-master
writing pidfile to /tmp/project-master.pid
detected binary path: /usr/bin/uwsgi-core
dropping root privileges as early as possible
chdir() to /home/ebanking/Eregistration-master
your processes number limit is 47790
your memory page size is 4096 bytes
detected max file descriptor number: 1024
lock engine: pthread robust mutexes
thunder lock: disabled (you can enable it with --thunder-lock)
uwsgi socket 0 bound to TCP address 0.0.0.0:8000 fd 3
dropping root privileges after socket binding
dropping root privileges after plugin initialization
your server socket listen backlog is limited to 100 connections
your mercy for graceful operations on workers is 60 seconds
mapped 145536 bytes (142 KB) for 1 cores
*** Operational MODE: single process ***
*** no app loaded. going in full dynamic mode ***
dropping root privileges after application loading
*** uWSGI is running in multiple interpreter mode ***
!!!!!!!!!!!!!! WARNING !!!!!!!!!!!!!!
no request plugin is loaded, you will not be able to manage requests.
you may need to install the package for your language of choice, or simply load it with --plugin.
!!!!!!!!!!! END OF WARNING !!!!!!!!!!
spawned uWSGI master process (pid: 15808)
spawned uWSGI worker 1 (pid: 15809, cores: 1)
SIGINT/SIGQUIT received...killing workers...
worker 1 buried after 1 seconds
goodbye to uWSGI.
VACUUM: pidfile removed.
